<?xml version="1.0" encoding="UTF-8"?>
<Site BuildName="(empty)"
	BuildStamp="20240807-1439-Experimental"
	Name="ffbb"
	Generator="ctest-3.16.3"
	CompilerName="/usr/bin/c++"
	CompilerVersion="9.4.0"
	OSName="Linux"
	Hostname="ffbb"
	OSRelease="5.15.0-91-generic"
	OSVersion="#101~20.04.1-Ubuntu SMP Thu Nov 16 14:22:28 UTC 2023"
	OSPlatform="x86_64"
	Is64Bits="1"
	VendorString="GenuineIntel"
	VendorID="Intel Corporation"
	FamilyID="6"
	ModelID="158"
	ProcessorCacheSize="9216"
	NumberOfLogicalCPU="12"
	NumberOfPhysicalCPU="6"
	TotalVirtualMemory="2047"
	TotalPhysicalMemory="15863"
	LogicalProcessorsPerPhysical="2"
	ProcessorClockFrequency="3396.27"
	>
	<Testing>
		<StartDateTime>Aug 07 22:39 CST</StartDateTime>
		<StartTestTime>1723041564</StartTestTime>
		<TestList/>
		<EndDateTime>Aug 07 22:39 CST</EndDateTime>
		<EndTestTime>1723041564</EndTestTime>
		<ElapsedMinutes>0</ElapsedMinutes>
	</Testing>
</Site>
